Compiling the CUDA compiler identification source file "CMakeCUDACompilerId.cu" failed.
Compiler: /usr/local/cuda/bin/nvcc 
Build flags: "--expt-relaxed-constexpr";-D__CUDA_NO_HALF_OPERATORS__;-D__CUDA_NO_HALF_CONVERSIONS__
Id flags: --keep;--keep-dir;tmp -v

The output was:
1
#$ _NVVM_BRANCH_=nvvm
#$ _SPACE_= 
#$ _CUDART_=cudart
#$ _HERE_=/usr/local/cuda/bin
#$ _THERE_=/usr/local/cuda/bin
#$ _TARGET_SIZE_=
#$ _TARGET_DIR_=
#$ _TARGET_DIR_=targets/x86_64-linux
#$ TOP=/usr/local/cuda/bin/..
#$ NVVMIR_LIBRARY_DIR=/usr/local/cuda/bin/../nvvm/libdevice
#$ LD_LIBRARY_PATH=/usr/local/cuda/bin/../lib:
#$ PATH=/usr/local/cuda/bin/../nvvm/bin:/usr/local/cuda/bin:/home/hz/miniconda3/envs/cobevflow/bin:/home/hz/miniconda3/condabin:/usr/local/cuda/bin:/home/hz/bin:/usr/local/bin:/usr/local/sbin:/usr/local/bin:/usr/sbin:/usr/bin:/sbin:/bin:/usr/games:/usr/local/games:/snap/bin
#$ INCLUDES="-I/usr/local/cuda/bin/../targets/x86_64-linux/include"  
#$ LIBRARIES=  "-L/usr/local/cuda/bin/../targets/x86_64-linux/lib/stubs" "-L/usr/local/cuda/bin/../targets/x86_64-linux/lib"
#$ CUDAFE_FLAGS=
#$ PTXAS_FLAGS=
nvcc fatal   : Don't know what to do with '"--expt-relaxed-constexpr"'


Compiling the CUDA compiler identification source file "CMakeCUDACompilerId.cu" failed.
Compiler: /usr/local/cuda/bin/nvcc 
Build flags: "--expt-relaxed-constexpr";-D__CUDA_NO_HALF_OPERATORS__;-D__CUDA_NO_HALF_CONVERSIONS__
Id flags:  -v

The output was:
1
#$ _NVVM_BRANCH_=nvvm
#$ _SPACE_= 
#$ _CUDART_=cudart
#$ _HERE_=/usr/local/cuda/bin
#$ _THERE_=/usr/local/cuda/bin
#$ _TARGET_SIZE_=
#$ _TARGET_DIR_=
#$ _TARGET_DIR_=targets/x86_64-linux
#$ TOP=/usr/local/cuda/bin/..
#$ NVVMIR_LIBRARY_DIR=/usr/local/cuda/bin/../nvvm/libdevice
#$ LD_LIBRARY_PATH=/usr/local/cuda/bin/../lib:
#$ PATH=/usr/local/cuda/bin/../nvvm/bin:/usr/local/cuda/bin:/home/hz/miniconda3/envs/cobevflow/bin:/home/hz/miniconda3/condabin:/usr/local/cuda/bin:/home/hz/bin:/usr/local/bin:/usr/local/sbin:/usr/local/bin:/usr/sbin:/usr/bin:/sbin:/bin:/usr/games:/usr/local/games:/snap/bin
#$ INCLUDES="-I/usr/local/cuda/bin/../targets/x86_64-linux/include"  
#$ LIBRARIES=  "-L/usr/local/cuda/bin/../targets/x86_64-linux/lib/stubs" "-L/usr/local/cuda/bin/../targets/x86_64-linux/lib"
#$ CUDAFE_FLAGS=
#$ PTXAS_FLAGS=
nvcc fatal   : Don't know what to do with '"--expt-relaxed-constexpr"'


Performing C++ SOURCE FILE Test CMAKE_HAVE_LIBC_PTHREAD failed with the following output:
Change Dir: /home/hz/spconv/build/temp.linux-x86_64-cpython-37/CMakeFiles/CMakeTmp

Run Build Command(s):/usr/bin/make -f Makefile cmTC_7dd19/fast && /usr/bin/make  -f CMakeFiles/cmTC_7dd19.dir/build.make CMakeFiles/cmTC_7dd19.dir/build
make[1]: Entering directory '/home/hz/spconv/build/temp.linux-x86_64-cpython-37/CMakeFiles/CMakeTmp'
Building CXX object CMakeFiles/cmTC_7dd19.dir/src.cxx.o
/usr/bin/c++ -DCMAKE_HAVE_LIBC_PTHREAD  -DVERSION_INFO=\"1.2.1\"  -std=c++14 -o CMakeFiles/cmTC_7dd19.dir/src.cxx.o -c /home/hz/spconv/build/temp.linux-x86_64-cpython-37/CMakeFiles/CMakeTmp/src.cxx
Linking CXX executable cmTC_7dd19
/mnt/sde/public/data/hz/miniconda3/envs/cobevflow/bin/cmake -E cmake_link_script CMakeFiles/cmTC_7dd19.dir/link.txt --verbose=1
/usr/bin/c++ -DVERSION_INFO=\"1.2.1\"  CMakeFiles/cmTC_7dd19.dir/src.cxx.o -o cmTC_7dd19 
CMakeFiles/cmTC_7dd19.dir/src.cxx.o: In function `main':
src.cxx:(.text+0x3e): undefined reference to `pthread_create'
src.cxx:(.text+0x4a): undefined reference to `pthread_detach'
src.cxx:(.text+0x56): undefined reference to `pthread_cancel'
src.cxx:(.text+0x67): undefined reference to `pthread_join'
src.cxx:(.text+0x7b): undefined reference to `pthread_atfork'
collect2: error: ld returned 1 exit status
CMakeFiles/cmTC_7dd19.dir/build.make:98: recipe for target 'cmTC_7dd19' failed
make[1]: *** [cmTC_7dd19] Error 1
make[1]: Leaving directory '/home/hz/spconv/build/temp.linux-x86_64-cpython-37/CMakeFiles/CMakeTmp'
Makefile:127: recipe for target 'cmTC_7dd19/fast' failed
make: *** [cmTC_7dd19/fast] Error 2


Source file was:
#include <pthread.h>

static void* test_func(void* data)
{
  return data;
}

int main(void)
{
  pthread_t thread;
  pthread_create(&thread, NULL, test_func, NULL);
  pthread_detach(thread);
  pthread_cancel(thread);
  pthread_join(thread, NULL);
  pthread_atfork(NULL, NULL, NULL);
  pthread_exit(NULL);

  return 0;
}

Determining if the function pthread_create exists in the pthreads failed with the following output:
Change Dir: /home/hz/spconv/build/temp.linux-x86_64-cpython-37/CMakeFiles/CMakeTmp

Run Build Command(s):/usr/bin/make -f Makefile cmTC_73d84/fast && /usr/bin/make  -f CMakeFiles/cmTC_73d84.dir/build.make CMakeFiles/cmTC_73d84.dir/build
make[1]: Entering directory '/home/hz/spconv/build/temp.linux-x86_64-cpython-37/CMakeFiles/CMakeTmp'
Building CXX object CMakeFiles/cmTC_73d84.dir/CheckFunctionExists.cxx.o
/usr/bin/c++   -DVERSION_INFO=\"1.2.1\" -DCHECK_FUNCTION_EXISTS=pthread_create -std=c++14 -o CMakeFiles/cmTC_73d84.dir/CheckFunctionExists.cxx.o -c /home/hz/spconv/build/temp.linux-x86_64-cpython-37/CMakeFiles/CheckLibraryExists/CheckFunctionExists.cxx
Linking CXX executable cmTC_73d84
/mnt/sde/public/data/hz/miniconda3/envs/cobevflow/bin/cmake -E cmake_link_script CMakeFiles/cmTC_73d84.dir/link.txt --verbose=1
/usr/bin/c++ -DVERSION_INFO=\"1.2.1\" -DCHECK_FUNCTION_EXISTS=pthread_create CMakeFiles/cmTC_73d84.dir/CheckFunctionExists.cxx.o -o cmTC_73d84  -lpthreads 
/usr/bin/ld: cannot find -lpthreads
collect2: error: ld returned 1 exit status
CMakeFiles/cmTC_73d84.dir/build.make:98: recipe for target 'cmTC_73d84' failed
make[1]: *** [cmTC_73d84] Error 1
make[1]: Leaving directory '/home/hz/spconv/build/temp.linux-x86_64-cpython-37/CMakeFiles/CMakeTmp'
Makefile:127: recipe for target 'cmTC_73d84/fast' failed
make: *** [cmTC_73d84/fast] Error 2



